0 silly argv { _: [ 'create' ],
0 silly argv   lernaVersion: '3.13.1',
0 silly argv   '$0':
0 silly argv    '/Users/roberthurst/Developer/Personal/Theta/node_modules/.bin/lerna',
0 silly argv   name: 'transport' }
1 notice cli v3.13.1
2 verbose rootPath /Users/roberthurst/Developer/Personal/Theta
3 error Error: canceled
3 error     at Interface.<anonymous> (/Users/roberthurst/Developer/Personal/Theta/node_modules/read/lib/read.js:66:13)
3 error     at Interface.emit (events.js:197:13)
3 error     at Interface._ttyWrite (readline.js:799:16)
3 error     at ReadStream.onkeypress (readline.js:184:10)
3 error     at ReadStream.emit (events.js:197:13)
3 error     at emitKeys (internal/readline.js:424:14)
3 error     at emitKeys.next (<anonymous>)
3 error     at ReadStream.onData (readline.js:1071:36)
3 error     at ReadStream.emit (events.js:197:13)
3 error     at addChunk (_stream_readable.js:288:12)
3 error     at readableAddChunk (_stream_readable.js:269:11)
3 error     at ReadStream.Readable.push (_stream_readable.js:224:10)
